<?xml version="1.0" encoding="UTF-8"?>
<testsuite xmlns:xsi="http://www.w3.org/2001/XMLSchema-instance" xsi:noNamespaceSchemaLocation="https://maven.apache.org/surefire/maven-surefire-plugin/xsd/surefire-test-report-3.0.xsd" version="3.0" name="com.smy.gutenberggui.TestSubmittingForm" time="8.137" tests="3" errors="0" skipped="0" failures="0">
  <properties>
[...]
</properties>
  <testcase name="testSubmittingFormWithAuthorManlyWade" classname="com.smy.gutenberggui.TestSubmittingForm" time="3.149"/>
  <testcase name="testSubmittingFormWithTitleBlueElephant" classname="com.smy.gutenberggui.TestSubmittingForm" time="2.238"/>
  <testcase name="testSubmittingFormWithTitlea" classname="com.smy.gutenberggui.TestSubmittingForm" time="2.101"/>
</testsuite>